<?xml version="1.0" encoding="UTF-8"?>
<!-- Generated by org.testng.reporters.JUnitXMLReporter -->
<testsuite hostname="NLPULTP283258" ignored="0" name="Bank" tests="7" failures="0" timestamp="07 Jul 2022 10:34:47 GMT" time="175.464" errors="0">
  <testcase name="runScenario" time="41.84" classname="io.cucumber.testng.AbstractTestNGCucumberTests"/>
  <testcase name="runScenario" time="60.273" classname="io.cucumber.testng.AbstractTestNGCucumberTests"/>
  <testcase name="runScenario" time="75.962" classname="io.cucumber.testng.AbstractTestNGCucumberTests"/>
  <testcase name="runScenario" time="86.922" classname="io.cucumber.testng.AbstractTestNGCucumberTests"/>
  <testcase name="runScenario" time="123.827" classname="io.cucumber.testng.AbstractTestNGCucumberTests"/>
  <testcase name="runScenario" time="148.904" classname="io.cucumber.testng.AbstractTestNGCucumberTests"/>
  <testcase name="runScenario" time="171.151" classname="io.cucumber.testng.AbstractTestNGCucumberTests"/>
</testsuite> <!-- Bank -->
