<?xml version="1.0" encoding="UTF-8"?>
<testsuite xmlns:xsi="http://www.w3.org/2001/XMLSchema-instance" xsi:noNamespaceSchemaLocation="https://maven.apache.org/surefire/maven-surefire-plugin/xsd/surefire-test-report-3.0.xsd" version="3.0" name="TestSuite" time="454.392" tests="7" errors="0" skipped="0" failures="3">
  <properties>
[...]
</properties>
  <testcase name="runScenario[&quot;Verify that the user can navigate to the Payees page&quot;, &quot;Optional[Verify Payee options]&quot;](2)" classname="parallel.TestRunner" time="18.364">
    <failure message="Tried to run command without establishing a connection&#10;Build info: version: &apos;3.141.59&apos;, revision: &apos;e82be7d358&apos;, time: &apos;2018-11-14T08:17:03&apos;&#10;System info: host: &apos;NLPULTP283258&apos;, ip: &apos;172.23.32.1&apos;, os.name: &apos;Windows 10&apos;, os.arch: &apos;amd64&apos;, os.version: &apos;10.0&apos;, java.version: &apos;1.8.0_161&apos;&#10;Driver info: org.openqa.selenium.remote.RemoteWebDriver&#10;Capabilities {acceptInsecureCerts: false, browserName: firefox, browserVersion: 92.0.1, javascriptEnabled: true, moz:accessibilityChecks: false, moz:buildID: 20210922161155, moz:geckodriverVersion: 0.29.1, moz:headless: false, moz:processID: 129, moz:profile: /tmp/rust_mozprofilepwtR6k, moz:shutdownTimeout: 60000, moz:useNonSpecCompliantPointerOrigin: false, moz:webdriverClick: true, pageLoadStrategy: normal, platform: LINUX, platformName: LINUX, platformVersion: 5.10.16.3-microsoft-standar..., proxy: Proxy(), setWindowRect: true, strictFileInteractability: false, timeouts: {implicit: 0, pageLoad: 300000, script: 30000}, unhandledPromptBehavior: dismiss and notify, webdriver.remote.sessionid: 8922b138-9702-4e55-9f21-d36...}&#10;*** Element info: {Using=css selector, value=header[aria-label=&apos;Payees page. Attention access key one is available to close the Payees page.&apos;]}" type="org.openqa.selenium.NoSuchSessionException"><![CDATA[org.openqa.selenium.NoSuchSessionException: 
Tried to run command without establishing a connection
Build info: version: '3.141.59', revision: 'e82be7d358', time: '2018-11-14T08:17:03'
System info: host: 'NLPULTP283258', ip: '172.23.32.1', os.name: 'Windows 10', os.arch: 'amd64', os.version: '10.0', java.version: '1.8.0_161'
Driver info: org.openqa.selenium.remote.RemoteWebDriver
Capabilities {acceptInsecureCerts: false, browserName: firefox, browserVersion: 92.0.1, javascriptEnabled: true, moz:accessibilityChecks: false, moz:buildID: 20210922161155, moz:geckodriverVersion: 0.29.1, moz:headless: false, moz:processID: 129, moz:profile: /tmp/rust_mozprofilepwtR6k, moz:shutdownTimeout: 60000, moz:useNonSpecCompliantPointerOrigin: false, moz:webdriverClick: true, pageLoadStrategy: normal, platform: LINUX, platformName: LINUX, platformVersion: 5.10.16.3-microsoft-standar..., proxy: Proxy(), setWindowRect: true, strictFileInteractability: false, timeouts: {implicit: 0, pageLoad: 300000, script: 30000}, unhandledPromptBehavior: dismiss and notify, webdriver.remote.sessionid: 8922b138-9702-4e55-9f21-d36...}
*** Element info: {Using=css selector, value=header[aria-label='Payees page. Attention access key one is available to close the Payees page.']}
]]></failure>
    <system-out><![CDATA[
@VerifyPayments
Scenario Outline: Navigate and verify the payments page                                              # src/test/java/parallel/Payments.feature:17

@AddPayee
Scenario Outline: Verify that a new payee can be added on the Payees page                            # src/test/java/parallel/Payee.feature:24

@PayeeNameSorting
Scenario Outline: Verify that the payee names can be sorted by name                                  # src/test/java/parallel/Payee.feature:53

@PayeePageValidations
Scenario Outline: Verify that the payee name is a mandatory field                                    # src/test/java/parallel/Payee.feature:38

@VerifyPayments
Scenario Outline: Navigate and verify the payments page                                            # src/test/java/parallel/Payments.feature:16

@VerifyPayeePage
Scenario Outline: Verify that the user can navigate to the Payees page                             # src/test/java/parallel/Payee.feature:11

@VerifyPayments
Scenario Outline: Navigate and verify the payments page                                              # src/test/java/parallel/Payments.feature:15
##Test execution started on firefox##
##Test execution started on firefox##
##Test execution started on firefox##
##Test execution started on opera##
##Test execution started on firefox##
##Test execution started on opera##
##Test execution started on firefox##
The title of the page is : Internet Banking
The title of the page is : Internet Banking
  Given User launches the demo application website "https://www.demo.bnz.co.nz/client/" on "firefox" # parallel.Payee_StepDefinitions.userLaunchesTheDemoWebsite(java.lang.String,java.lang.String)
  Given User launches the demo application website "https://www.demo.bnz.co.nz/client/" on "opera" # parallel.Payee_StepDefinitions.userLaunchesTheDemoWebsite(java.lang.String,java.lang.String)
  And User clicks on Menu                                                                          # parallel.Payee_StepDefinitions.userClickOnMenu()
  When User clicks on Payees option                                                                # parallel.Payee_StepDefinitions.userClicksOnPayeesOption()
  When Navigates to the payments page                                                                # parallel.Payments_StepDefinitions.navigatestopaymentspage()
      org.openqa.selenium.NoSuchElementException: Unable to locate element: //*[@id="left"]/div[1]/div/button
For documentation on this error, please visit: https://www.seleniumhq.org/exceptions/no_such_element.html
Build info: version: '3.141.59', revision: 'e82be7d358', time: '2018-11-14T08:17:03'
System info: host: 'NLPULTP283258', ip: '172.23.32.1', os.name: 'Windows 10', os.arch: 'amd64', os.version: '10.0', java.version: '1.8.0_161'
Driver info: org.openqa.selenium.remote.RemoteWebDriver
Capabilities {acceptInsecureCerts: false, browserName: firefox, browserVersion: 92.0.1, javascriptEnabled: true, moz:accessibilityChecks: false, moz:buildID: 20210922161155, moz:geckodriverVersion: 0.29.1, moz:headless: false, moz:processID: 129, moz:profile: /tmp/rust_mozprofilepwtR6k, moz:shutdownTimeout: 60000, moz:useNonSpecCompliantPointerOrigin: false, moz:webdriverClick: true, pageLoadStrategy: normal, platform: LINUX, platformName: LINUX, platformVersion: 5.10.16.3-microsoft-standar..., proxy: Proxy(), setWindowRect: true, strictFileInteractability: false, timeouts: {implicit: 0, pageLoad: 300000, script: 30000}, unhandledPromptBehavior: dismiss and notify, webdriver.remote.sessionid: 8922b138-9702-4e55-9f21-d36...}
Session ID: 8922b138-9702-4e55-9f21-d36213ca169f
*** Element info: {Using=xpath, value=//*[@id="left"]/div[1]/div/button}
	at sun.reflect.NativeConstructorAccessorImpl.newInstance0(Native Method)
	at sun.reflect.NativeConstructorAccessorImpl.newInstance(NativeConstructorAccessorImpl.java:62)
	at sun.reflect.DelegatingConstructorAccessorImpl.newInstance(DelegatingConstructorAccessorImpl.java:45)
	at java.lang.reflect.Constructor.newInstance(Constructor.java:423)
	at org.openqa.selenium.remote.http.W3CHttpResponseCodec.createException(W3CHttpResponseCodec.java:187)
	at org.openqa.selenium.remote.http.W3CHttpResponseCodec.decode(W3CHttpResponseCodec.java:122)
	at org.openqa.selenium.remote.http.W3CHttpResponseCodec.decode(W3CHttpResponseCodec.java:49)
	at org.openqa.selenium.remote.HttpCommandExecutor.execute(HttpCommandExecutor.java:158)
	at org.openqa.selenium.remote.RemoteWebDriver.execute(RemoteWebDriver.java:552)
	at org.openqa.selenium.remote.RemoteWebDriver.findElement(RemoteWebDriver.java:323)
	at org.openqa.selenium.remote.RemoteWebDriver.findElementByXPath(RemoteWebDriver.java:428)
	at org.openqa.selenium.By$ByXPath.findElement(By.java:353)
	at org.openqa.selenium.remote.RemoteWebDriver.findElement(RemoteWebDriver.java:315)
	at parallel.Payments_StepDefinitions.navigatestopaymentspage(Payments_StepDefinitions.java:30)
	at âœ½.Navigates to the payments page(file:///C:/Automation%20Project/UI_Datacom/UIAutomation/src/test/java/parallel/Payments.feature:6)

  And User clicks on the from Everyday account to Bills account                                      # parallel.Payments_StepDefinitions.userClicksOnTheFromEverydayAccountToBillsAccount()
  And Transfer amount "500"                                                                          # parallel.Payments_StepDefinitions.transferAmount(java.lang.String)
  And Clicks on the Pay or Transfer button                                                           # parallel.Payments_StepDefinitions.clicksOnThePayOrTransferButton()
  Then Payment is successful                                                                         # parallel.Payments_StepDefinitions.paymentIsSuccessful()
  And Everyday account balance reduces by "500"                                                      # parallel.Payments_StepDefinitions.everydayAccountBalanceReducesBy(java.lang.String)
  And Bill account balance increases by "500"                                                        # parallel.Payments_StepDefinitions.billAccountBalanceIncreasesBy(java.lang.String)
  Then Payees page is loaded successfully                                                          # parallel.Payee_StepDefinitions.payeesPageIsLoadedSuccessfully()
      org.openqa.selenium.NoSuchSessionException: Tried to run command without establishing a connection
Build info: version: '3.141.59', revision: 'e82be7d358', time: '2018-11-14T08:17:03'
System info: host: 'NLPULTP283258', ip: '172.23.32.1', os.name: 'Windows 10', os.arch: 'amd64', os.version: '10.0', java.version: '1.8.0_161'
Driver info: org.openqa.selenium.remote.RemoteWebDriver
Capabilities {acceptInsecureCerts: false, browserName: firefox, browserVersion: 92.0.1, javascriptEnabled: true, moz:accessibilityChecks: false, moz:buildID: 20210922161155, moz:geckodriverVersion: 0.29.1, moz:headless: false, moz:processID: 129, moz:profile: /tmp/rust_mozprofilepwtR6k, moz:shutdownTimeout: 60000, moz:useNonSpecCompliantPointerOrigin: false, moz:webdriverClick: true, pageLoadStrategy: normal, platform: LINUX, platformName: LINUX, platformVersion: 5.10.16.3-microsoft-standar..., proxy: Proxy(), setWindowRect: true, strictFileInteractability: false, timeouts: {implicit: 0, pageLoad: 300000, script: 30000}, unhandledPromptBehavior: dismiss and notify, webdriver.remote.sessionid: 8922b138-9702-4e55-9f21-d36...}
*** Element info: {Using=css selector, value=header[aria-label='Payees page. Attention access key one is available to close the Payees page.']}
	at sun.reflect.NativeConstructorAccessorImpl.newInstance0(Native Method)
	at sun.reflect.NativeConstructorAccessorImpl.newInstance(NativeConstructorAccessorImpl.java:62)
	at sun.reflect.DelegatingConstructorAccessorImpl.newInstance(DelegatingConstructorAccessorImpl.java:45)
	at java.lang.reflect.Constructor.newInstance(Constructor.java:423)
	at org.openqa.selenium.remote.http.W3CHttpResponseCodec.createException(W3CHttpResponseCodec.java:187)
	at org.openqa.selenium.remote.http.W3CHttpResponseCodec.decode(W3CHttpResponseCodec.java:122)
	at org.openqa.selenium.remote.http.W3CHttpResponseCodec.decode(W3CHttpResponseCodec.java:49)
	at org.openqa.selenium.remote.HttpCommandExecutor.execute(HttpCommandExecutor.java:158)
	at org.openqa.selenium.remote.RemoteWebDriver.execute(RemoteWebDriver.java:552)
	at org.openqa.selenium.remote.RemoteWebDriver.findElement(RemoteWebDriver.java:323)
	at org.openqa.selenium.remote.RemoteWebDriver.findElementByCssSelector(RemoteWebDriver.java:420)
	at org.openqa.selenium.By$ByCssSelector.findElement(By.java:431)
	at org.openqa.selenium.remote.RemoteWebDriver.findElement(RemoteWebDriver.java:315)
	at parallel.Payee_StepDefinitions.payeesPageIsLoadedSuccessfully(Payee_StepDefinitions.java:70)
	at âœ½.Payees page is loaded successfully(file:///C:/Automation%20Project/UI_Datacom/UIAutomation/src/test/java/parallel/Payee.feature:8)

]]></system-out>
    <system-err><![CDATA[Jul 07, 2022 3:37:53 AM org.openqa.selenium.remote.ProtocolHandshake createSession
INFO: Detected dialect: OSS
Jul 07, 2022 3:37:55 AM org.openqa.selenium.remote.ProtocolHandshake createSession
INFO: Detected dialect: W3C
]]></system-err>
  </testcase>
  <testcase name="runScenario[&quot;Navigate and verify the payments page&quot;, &quot;Optional[Verify the payment functionality]&quot;](1)" classname="parallel.TestRunner" time="18.365">
    <failure message="Unable to locate element: //*[@id=&quot;left&quot;]/div[1]/div/button&#10;For documentation on this error, please visit: https://www.seleniumhq.org/exceptions/no_such_element.html&#10;Build info: version: &apos;3.141.59&apos;, revision: &apos;e82be7d358&apos;, time: &apos;2018-11-14T08:17:03&apos;&#10;System info: host: &apos;NLPULTP283258&apos;, ip: &apos;172.23.32.1&apos;, os.name: &apos;Windows 10&apos;, os.arch: &apos;amd64&apos;, os.version: &apos;10.0&apos;, java.version: &apos;1.8.0_161&apos;&#10;Driver info: org.openqa.selenium.remote.RemoteWebDriver&#10;Capabilities {acceptInsecureCerts: false, browserName: firefox, browserVersion: 92.0.1, javascriptEnabled: true, moz:accessibilityChecks: false, moz:buildID: 20210922161155, moz:geckodriverVersion: 0.29.1, moz:headless: false, moz:processID: 129, moz:profile: /tmp/rust_mozprofilepwtR6k, moz:shutdownTimeout: 60000, moz:useNonSpecCompliantPointerOrigin: false, moz:webdriverClick: true, pageLoadStrategy: normal, platform: LINUX, platformName: LINUX, platformVersion: 5.10.16.3-microsoft-standar..., proxy: Proxy(), setWindowRect: true, strictFileInteractability: false, timeouts: {implicit: 0, pageLoad: 300000, script: 30000}, unhandledPromptBehavior: dismiss and notify, webdriver.remote.sessionid: 8922b138-9702-4e55-9f21-d36...}&#10;Session ID: 8922b138-9702-4e55-9f21-d36213ca169f&#10;*** Element info: {Using=xpath, value=//*[@id=&quot;left&quot;]/div[1]/div/button}" type="org.openqa.selenium.NoSuchElementException"><![CDATA[org.openqa.selenium.NoSuchElementException: 
Unable to locate element: //*[@id="left"]/div[1]/div/button
For documentation on this error, please visit: https://www.seleniumhq.org/exceptions/no_such_element.html
Build info: version: '3.141.59', revision: 'e82be7d358', time: '2018-11-14T08:17:03'
System info: host: 'NLPULTP283258', ip: '172.23.32.1', os.name: 'Windows 10', os.arch: 'amd64', os.version: '10.0', java.version: '1.8.0_161'
Driver info: org.openqa.selenium.remote.RemoteWebDriver
Capabilities {acceptInsecureCerts: false, browserName: firefox, browserVersion: 92.0.1, javascriptEnabled: true, moz:accessibilityChecks: false, moz:buildID: 20210922161155, moz:geckodriverVersion: 0.29.1, moz:headless: false, moz:processID: 129, moz:profile: /tmp/rust_mozprofilepwtR6k, moz:shutdownTimeout: 60000, moz:useNonSpecCompliantPointerOrigin: false, moz:webdriverClick: true, pageLoadStrategy: normal, platform: LINUX, platformName: LINUX, platformVersion: 5.10.16.3-microsoft-standar..., proxy: Proxy(), setWindowRect: true, strictFileInteractability: false, timeouts: {implicit: 0, pageLoad: 300000, script: 30000}, unhandledPromptBehavior: dismiss and notify, webdriver.remote.sessionid: 8922b138-9702-4e55-9f21-d36...}
Session ID: 8922b138-9702-4e55-9f21-d36213ca169f
*** Element info: {Using=xpath, value=//*[@id="left"]/div[1]/div/button}
]]></failure>
  </testcase>
  <testcase name="runScenario[&quot;Verify that a new payee can be added on the Payees page&quot;, &quot;Optional[Verify Payee options]&quot;](3)" classname="parallel.TestRunner" time="37.942">
    <system-out><![CDATA[The title of the page is : Internet Banking
  Given User launches the demo application website "https://www.demo.bnz.co.nz/client/" on "firefox" # parallel.Payee_StepDefinitions.userLaunchesTheDemoWebsite(java.lang.String,java.lang.String)
  And Navigates to the payee page                                                                    # parallel.Payee_StepDefinitions.navigatesToThePayeePage()
  When User clicks on the add button                                                                 # parallel.Payee_StepDefinitions.userClicksOnTheAddButton()
  And Enters the payee details with name "Dell NZ" and account number "01""0002""0190234""10"        # parallel.Payee_StepDefinitions.entersThePayeeDetailsWithNameAndAccountNumber(java.lang.String,java.lang.String,java.lang.String,java.lang.String,java.lang.String)
  And Clicks on the add button                                                                       # parallel.Payee_StepDefinitions.clicksOnTheAddButton()
  Then Payee added message "Payee added" gets displayed                                              # parallel.Payee_StepDefinitions.payeeAddedMessageGetsDisplayed(java.lang.String)
Payee was added successfully
  And Payee with "Dell NZ" gets added in the list of payees                                          # parallel.Payee_StepDefinitions.payeeGetsAddedInTheListOfPayees(java.lang.String)
]]></system-out>
    <system-err><![CDATA[Jul 07, 2022 3:38:10 AM org.openqa.selenium.remote.ProtocolHandshake createSession
INFO: Detected dialect: W3C
]]></system-err>
  </testcase>
  <testcase name="runScenario[&quot;Verify that the payee name is a mandatory field&quot;, &quot;Optional[Verify Payee options]&quot;](4)" classname="parallel.TestRunner" time="56.143">
    <system-out><![CDATA[The title of the page is : Internet Banking
  Given User launches the demo application website "https://www.demo.bnz.co.nz/client/" on "firefox" # parallel.Payee_StepDefinitions.userLaunchesTheDemoWebsite(java.lang.String,java.lang.String)
  And Navigates to the payee page                                                                    # parallel.Payee_StepDefinitions.navigatesToThePayeePage()
  And User clicks on the add button                                                                  # parallel.Payee_StepDefinitions.userClicksOnTheAddButton()
  When Clicks on the add button                                                                      # parallel.Payee_StepDefinitions.clicksOnTheAddButton()
Validation error for the mandatory field was successfully displayed
  Then Validation error gets displayed for the mandatory payee name field                            # parallel.Payee_StepDefinitions.validationErrorGetsDisplayedForTheMandatoryPayeeNameField()
  When Enters the payee details with name "Dell NZ" and account number "01""0002""0190234""10"       # parallel.Payee_StepDefinitions.entersThePayeeDetailsWithNameAndAccountNumber(java.lang.String,java.lang.String,java.lang.String,java.lang.String,java.lang.String)
  And Clicks on the add button                                                                       # parallel.Payee_StepDefinitions.clicksOnTheAddButton()
  Then Payee added message "Payee added" gets displayed                                              # parallel.Payee_StepDefinitions.payeeAddedMessageGetsDisplayed(java.lang.String)
]]></system-out>
    <system-err><![CDATA[Jul 07, 2022 3:38:30 AM org.openqa.selenium.remote.ProtocolHandshake createSession
INFO: Detected dialect: W3C
]]></system-err>
  </testcase>
  <testcase name="runScenario[&quot;Navigate and verify the payments page&quot;, &quot;Optional[Verify the payment functionality]&quot;](5)" classname="parallel.TestRunner" time="76.564">
    <failure message="Element &lt;button class=&quot;button-1-1-31&quot; type=&quot;button&quot;&gt; is not clickable at point (832,179) because another element &lt;div class=&quot;overlay-1-1-54&quot;&gt; obscures it&#10;Build info: version: &apos;3.141.59&apos;, revision: &apos;e82be7d358&apos;, time: &apos;2018-11-14T08:17:03&apos;&#10;System info: host: &apos;NLPULTP283258&apos;, ip: &apos;172.23.32.1&apos;, os.name: &apos;Windows 10&apos;, os.arch: &apos;amd64&apos;, os.version: &apos;10.0&apos;, java.version: &apos;1.8.0_161&apos;&#10;Driver info: org.openqa.selenium.remote.RemoteWebDriver&#10;Capabilities {acceptInsecureCerts: false, browserName: firefox, browserVersion: 92.0.1, javascriptEnabled: true, moz:accessibilityChecks: false, moz:buildID: 20210922161155, moz:geckodriverVersion: 0.29.1, moz:headless: false, moz:processID: 869, moz:profile: /tmp/rust_mozprofile8MEhCL, moz:shutdownTimeout: 60000, moz:useNonSpecCompliantPointerOrigin: false, moz:webdriverClick: true, pageLoadStrategy: normal, platform: LINUX, platformName: LINUX, platformVersion: 5.10.16.3-microsoft-standar..., proxy: Proxy(), setWindowRect: true, strictFileInteractability: false, timeouts: {implicit: 0, pageLoad: 300000, script: 30000}, unhandledPromptBehavior: dismiss and notify, webdriver.remote.sessionid: ff05978c-6ac8-44cd-865b-0bf...}&#10;Session ID: ff05978c-6ac8-44cd-865b-0bfb6732a9f6" type="org.openqa.selenium.ElementClickInterceptedException"><![CDATA[org.openqa.selenium.ElementClickInterceptedException: 
Element <button class="button-1-1-31" type="button"> is not clickable at point (832,179) because another element <div class="overlay-1-1-54"> obscures it
Build info: version: '3.141.59', revision: 'e82be7d358', time: '2018-11-14T08:17:03'
System info: host: 'NLPULTP283258', ip: '172.23.32.1', os.name: 'Windows 10', os.arch: 'amd64', os.version: '10.0', java.version: '1.8.0_161'
Driver info: org.openqa.selenium.remote.RemoteWebDriver
Capabilities {acceptInsecureCerts: false, browserName: firefox, browserVersion: 92.0.1, javascriptEnabled: true, moz:accessibilityChecks: false, moz:buildID: 20210922161155, moz:geckodriverVersion: 0.29.1, moz:headless: false, moz:processID: 869, moz:profile: /tmp/rust_mozprofile8MEhCL, moz:shutdownTimeout: 60000, moz:useNonSpecCompliantPointerOrigin: false, moz:webdriverClick: true, pageLoadStrategy: normal, platform: LINUX, platformName: LINUX, platformVersion: 5.10.16.3-microsoft-standar..., proxy: Proxy(), setWindowRect: true, strictFileInteractability: false, timeouts: {implicit: 0, pageLoad: 300000, script: 30000}, unhandledPromptBehavior: dismiss and notify, webdriver.remote.sessionid: ff05978c-6ac8-44cd-865b-0bf...}
Session ID: ff05978c-6ac8-44cd-865b-0bfb6732a9f6
]]></failure>
    <system-out><![CDATA[The title of the page is : Internet Banking
  Given User launches the demo application website "https://www.demo.bnz.co.nz/client/" on "firefox" # parallel.Payee_StepDefinitions.userLaunchesTheDemoWebsite(java.lang.String,java.lang.String)
  When Navigates to the payments page                                                                # parallel.Payments_StepDefinitions.navigatestopaymentspage()
  And User clicks on the from Everyday account to Bills account                                      # parallel.Payments_StepDefinitions.userClicksOnTheFromEverydayAccountToBillsAccount()
      org.openqa.selenium.ElementClickInterceptedException: Element <button class="button-1-1-31" type="button"> is not clickable at point (832,179) because another element <div class="overlay-1-1-54"> obscures it
Build info: version: '3.141.59', revision: 'e82be7d358', time: '2018-11-14T08:17:03'
System info: host: 'NLPULTP283258', ip: '172.23.32.1', os.name: 'Windows 10', os.arch: 'amd64', os.version: '10.0', java.version: '1.8.0_161'
Driver info: org.openqa.selenium.remote.RemoteWebDriver
Capabilities {acceptInsecureCerts: false, browserName: firefox, browserVersion: 92.0.1, javascriptEnabled: true, moz:accessibilityChecks: false, moz:buildID: 20210922161155, moz:geckodriverVersion: 0.29.1, moz:headless: false, moz:processID: 869, moz:profile: /tmp/rust_mozprofile8MEhCL, moz:shutdownTimeout: 60000, moz:useNonSpecCompliantPointerOrigin: false, moz:webdriverClick: true, pageLoadStrategy: normal, platform: LINUX, platformName: LINUX, platformVersion: 5.10.16.3-microsoft-standar..., proxy: Proxy(), setWindowRect: true, strictFileInteractability: false, timeouts: {implicit: 0, pageLoad: 300000, script: 30000}, unhandledPromptBehavior: dismiss and notify, webdriver.remote.sessionid: ff05978c-6ac8-44cd-865b-0bf...}
Session ID: ff05978c-6ac8-44cd-865b-0bfb6732a9f6
	at sun.reflect.NativeConstructorAccessorImpl.newInstance0(Native Method)
	at sun.reflect.NativeConstructorAccessorImpl.newInstance(NativeConstructorAccessorImpl.java:62)
	at sun.reflect.DelegatingConstructorAccessorImpl.newInstance(DelegatingConstructorAccessorImpl.java:45)
	at java.lang.reflect.Constructor.newInstance(Constructor.java:423)
	at org.openqa.selenium.remote.http.W3CHttpResponseCodec.createException(W3CHttpResponseCodec.java:187)
	at org.openqa.selenium.remote.http.W3CHttpResponseCodec.decode(W3CHttpResponseCodec.java:122)
	at org.openqa.selenium.remote.http.W3CHttpResponseCodec.decode(W3CHttpResponseCodec.java:49)
	at org.openqa.selenium.remote.HttpCommandExecutor.execute(HttpCommandExecutor.java:158)
	at org.openqa.selenium.remote.RemoteWebDriver.execute(RemoteWebDriver.java:552)
	at org.openqa.selenium.remote.RemoteWebElement.execute(RemoteWebElement.java:285)
	at org.openqa.selenium.remote.RemoteWebElement.click(RemoteWebElement.java:84)
	at parallel.Payments_StepDefinitions.userClicksOnTheFromEverydayAccountToBillsAccount(Payments_StepDefinitions.java:43)
	at âœ½.User clicks on the from Everyday account to Bills account(file:///C:/Automation%20Project/UI_Datacom/UIAutomation/src/test/java/parallel/Payments.feature:7)

  And Transfer amount "500"                                                                          # parallel.Payments_StepDefinitions.transferAmount(java.lang.String)
  And Clicks on the Pay or Transfer button                                                           # parallel.Payments_StepDefinitions.clicksOnThePayOrTransferButton()
  Then Payment is successful                                                                         # parallel.Payments_StepDefinitions.paymentIsSuccessful()
  And Everyday account balance reduces by "500"                                                      # parallel.Payments_StepDefinitions.everydayAccountBalanceReducesBy(java.lang.String)
  And Bill account balance increases by "500"                                                        # parallel.Payments_StepDefinitions.billAccountBalanceIncreasesBy(java.lang.String)
]]></system-out>
    <system-err><![CDATA[Jul 07, 2022 3:38:48 AM org.openqa.selenium.remote.ProtocolHandshake createSession
INFO: Detected dialect: W3C
]]></system-err>
  </testcase>
  <testcase name="runScenario[&quot;Verify that the payee names can be sorted by name&quot;, &quot;Optional[Verify Payee options]&quot;](6)" classname="parallel.TestRunner" time="94.144">
    <system-out><![CDATA[The title of the page is : Internet Banking
  Given User launches the demo application website "https://www.demo.bnz.co.nz/client/" on "firefox" # parallel.Payee_StepDefinitions.userLaunchesTheDemoWebsite(java.lang.String,java.lang.String)
  And Navigates to the payee page                                                                    # parallel.Payee_StepDefinitions.navigatesToThePayeePage()
  When User clicks on the add button                                                                 # parallel.Payee_StepDefinitions.userClicksOnTheAddButton()
  And Enters the payee details with name "Dell NZ" and account number "01""0002""0190234""10"        # parallel.Payee_StepDefinitions.entersThePayeeDetailsWithNameAndAccountNumber(java.lang.String,java.lang.String,java.lang.String,java.lang.String,java.lang.String)
  And Clicks on the add button                                                                       # parallel.Payee_StepDefinitions.clicksOnTheAddButton()
  And Payee added message "Payee added" gets displayed                                               # parallel.Payee_StepDefinitions.payeeAddedMessageGetsDisplayed(java.lang.String)
  Then List of added payee names are sorted in the ascending order                                   # parallel.Payee_StepDefinitions.listOfAddedPayeeNamesAreSortedInTheAscendingOrder()
  When User clicks on the Name column                                                                # parallel.Payee_StepDefinitions.userClicksOnTheNameColumn()
  Then List of added payee names get sorted in the descending order                                  # parallel.Payee_StepDefinitions.listOfAddedPayeeNamesGetSortedInTheDescendingOrder()
]]></system-out>
    <system-err><![CDATA[Jul 07, 2022 3:39:08 AM org.openqa.selenium.remote.ProtocolHandshake createSession
INFO: Detected dialect: W3C
]]></system-err>
  </testcase>
  <testcase name="runScenario[&quot;Navigate and verify the payments page&quot;, &quot;Optional[Verify the payment functionality]&quot;](7)" classname="parallel.TestRunner" time="449.541">
    <system-out><![CDATA[The title of the page is : Internet Banking
  Given User launches the demo application website "https://www.demo.bnz.co.nz/client/" on "opera" # parallel.Payee_StepDefinitions.userLaunchesTheDemoWebsite(java.lang.String,java.lang.String)
  When Navigates to the payments page                                                              # parallel.Payments_StepDefinitions.navigatestopaymentspage()
  And User clicks on the from Everyday account to Bills account                                    # parallel.Payments_StepDefinitions.userClicksOnTheFromEverydayAccountToBillsAccount()
  And Transfer amount "500"                                                                        # parallel.Payments_StepDefinitions.transferAmount(java.lang.String)
  And Clicks on the Pay or Transfer button                                                         # parallel.Payments_StepDefinitions.clicksOnThePayOrTransferButton()
Payment was done successfully
  Then Payment is successful                                                                       # parallel.Payments_StepDefinitions.paymentIsSuccessful()
  And Everyday account balance reduces by "500"                                                    # parallel.Payments_StepDefinitions.everydayAccountBalanceReducesBy(java.lang.String)
  And Bill account balance increases by "500"                                                      # parallel.Payments_StepDefinitions.billAccountBalanceIncreasesBy(java.lang.String)
]]></system-out>
    <system-err><![CDATA[Jul 07, 2022 3:44:57 AM org.openqa.selenium.remote.ProtocolHandshake createSession
INFO: Detected dialect: OSS
]]></system-err>
  </testcase>
</testsuite>