<?xml version="1.0" encoding="UTF-8"?>
<testsuite xmlns:xsi="http://www.w3.org/2001/XMLSchema-instance" xsi:noNamespaceSchemaLocation="https://maven.apache.org/surefire/maven-surefire-plugin/xsd/surefire-test-report-3.0.xsd" version="3.0" name="TestSuite" time="178.462" tests="7" errors="0" skipped="0" failures="0">
  <properties>
[...]
</properties>
  <testcase name="runScenario[&quot;Verify that the user can navigate to the Payees page&quot;, &quot;Optional[Verify Payee options]&quot;](1)" classname="parallel.TestRunner" time="41.865">
    <system-out><![CDATA[
@VerifyPayments
Scenario Outline: Navigate and verify the payments page                                              # src/test/java/parallel/Payments.feature:17

@VerifyPayments
Scenario Outline: Navigate and verify the payments page                                              # src/test/java/parallel/Payments.feature:15

@VerifyPayeePage
Scenario Outline: Verify that the user can navigate to the Payees page                             # src/test/java/parallel/Payee.feature:11

@PayeeNameSorting
Scenario Outline: Verify that the payee names can be sorted by name                                  # src/test/java/parallel/Payee.feature:53

@AddPayee
Scenario Outline: Verify that a new payee can be added on the Payees page                            # src/test/java/parallel/Payee.feature:24

@VerifyPayments
Scenario Outline: Navigate and verify the payments page                                            # src/test/java/parallel/Payments.feature:16

@PayeePageValidations
Scenario Outline: Verify that the payee name is a mandatory field                                    # src/test/java/parallel/Payee.feature:38
##Test execution started on opera##
##Test execution started on opera##
##Test execution started on firefox##
##Test execution started on firefox##
##Test execution started on firefox##
##Test execution started on firefox##
##Test execution started on firefox##
The title of the page is : Internet Banking
The title of the page is : Internet Banking
  Given User launches the demo application website "https://www.demo.bnz.co.nz/client/" on "firefox" # parallel.StepDefinitions.userLaunchesTheDemoWebsite(java.lang.String,java.lang.String)
  Given User launches the demo application website "https://www.demo.bnz.co.nz/client/" on "opera" # parallel.StepDefinitions.userLaunchesTheDemoWebsite(java.lang.String,java.lang.String)
  And User clicks on Menu                                                                          # parallel.StepDefinitions.userClickOnMenu()
  When User clicks on Payees option                                                                # parallel.StepDefinitions.userClicksOnPayeesOption()
Payee page is displayed successfully
  Then Payees page is loaded successfully                                                          # parallel.StepDefinitions.payeesPageIsLoadedSuccessfully()
]]></system-out>
    <system-err><![CDATA[Jul 07, 2022 12:32:13 PM org.openqa.selenium.remote.ProtocolHandshake createSession
INFO: Detected dialect: OSS
Jul 07, 2022 12:32:15 PM org.openqa.selenium.remote.ProtocolHandshake createSession
INFO: Detected dialect: W3C
]]></system-err>
  </testcase>
  <testcase name="runScenario[&quot;Navigate and verify the payments page&quot;, &quot;Optional[Verify the payment functionality]&quot;](2)" classname="parallel.TestRunner" time="60.326">
    <system-out><![CDATA[  When Navigates to the payments page                                                                # parallel.StepDefinitions.navigatestopaymentspage()
The title of the page is : Internet Banking
  And User clicks on the from Everyday account to Bills account                                      # parallel.StepDefinitions.userClicksOnTheFromEverydayAccountToBillsAccount()
  And Transfer amount "500"                                                                          # parallel.StepDefinitions.transferAmount(java.lang.String)
  Given User launches the demo application website "https://www.demo.bnz.co.nz/client/" on "opera" # parallel.StepDefinitions.userLaunchesTheDemoWebsite(java.lang.String,java.lang.String)
  And Clicks on the Pay or Transfer button                                                           # parallel.StepDefinitions.clicksOnThePayOrTransferButton()
Payment was done successfully
  Then Payment is successful                                                                         # parallel.StepDefinitions.paymentIsSuccessful()
  And Everyday account balance reduces by "500"                                                      # parallel.StepDefinitions.everydayAccountBalanceReducesBy(java.lang.String)
  And Bill account balance increases by "500"                                                        # parallel.StepDefinitions.billAccountBalanceIncreasesBy(java.lang.String)
  When Navigates to the payments page                                                              # parallel.StepDefinitions.navigatestopaymentspage()
]]></system-out>
    <system-err><![CDATA[Jul 07, 2022 12:32:36 PM org.openqa.selenium.remote.ProtocolHandshake createSession
INFO: Detected dialect: OSS
]]></system-err>
  </testcase>
  <testcase name="runScenario[&quot;Navigate and verify the payments page&quot;, &quot;Optional[Verify the payment functionality]&quot;](3)" classname="parallel.TestRunner" time="75.973">
    <system-out><![CDATA[The title of the page is : Internet Banking
  And User clicks on the from Everyday account to Bills account                                    # parallel.StepDefinitions.userClicksOnTheFromEverydayAccountToBillsAccount()
  And Transfer amount "500"                                                                        # parallel.StepDefinitions.transferAmount(java.lang.String)
  And Clicks on the Pay or Transfer button                                                         # parallel.StepDefinitions.clicksOnThePayOrTransferButton()
Payment was done successfully
  Then Payment is successful                                                                       # parallel.StepDefinitions.paymentIsSuccessful()
  And Everyday account balance reduces by "500"                                                    # parallel.StepDefinitions.everydayAccountBalanceReducesBy(java.lang.String)
  And Bill account balance increases by "500"                                                      # parallel.StepDefinitions.billAccountBalanceIncreasesBy(java.lang.String)
]]></system-out>
    <system-err><![CDATA[Jul 07, 2022 12:32:57 PM org.openqa.selenium.remote.ProtocolHandshake createSession
INFO: Detected dialect: W3C
]]></system-err>
  </testcase>
  <testcase name="runScenario[&quot;Verify that the payee name is a mandatory field&quot;, &quot;Optional[Verify Payee options]&quot;](4)" classname="parallel.TestRunner" time="86.946">
    <system-out><![CDATA[  Given User launches the demo application website "https://www.demo.bnz.co.nz/client/" on "firefox" # parallel.StepDefinitions.userLaunchesTheDemoWebsite(java.lang.String,java.lang.String)
  And Navigates to the payee page                                                                    # parallel.StepDefinitions.navigatesToThePayeePage()
  And User clicks on the add button                                                                  # parallel.StepDefinitions.userClicksOnTheAddButton()
  When Clicks on the add button                                                                      # parallel.StepDefinitions.clicksOnTheAddButton()
Validation error for the mandatory field was successfully displayed
  Then Validation error gets displayed for the mandatory payee name field                            # parallel.StepDefinitions.validationErrorGetsDisplayedForTheMandatoryPayeeNameField()
  When Enters the payee details with name "Dell NZ" and account number "01""0002""0190234""10"       # parallel.StepDefinitions.entersThePayeeDetailsWithNameAndAccountNumber(java.lang.String,java.lang.String,java.lang.String,java.lang.String,java.lang.String)
  And Clicks on the add button                                                                       # parallel.StepDefinitions.clicksOnTheAddButton()
  Then Payee added message "Payee added" gets displayed                                              # parallel.StepDefinitions.payeeAddedMessageGetsDisplayed(java.lang.String)
]]></system-out>
  </testcase>
  <testcase name="runScenario[&quot;Navigate and verify the payments page&quot;, &quot;Optional[Verify the payment functionality]&quot;](5)" classname="parallel.TestRunner" time="123.871">
    <system-out><![CDATA[The title of the page is : Internet Banking
  Given User launches the demo application website "https://www.demo.bnz.co.nz/client/" on "firefox" # parallel.StepDefinitions.userLaunchesTheDemoWebsite(java.lang.String,java.lang.String)
  When Navigates to the payments page                                                                # parallel.StepDefinitions.navigatestopaymentspage()
  And User clicks on the from Everyday account to Bills account                                      # parallel.StepDefinitions.userClicksOnTheFromEverydayAccountToBillsAccount()
  And Transfer amount "500"                                                                          # parallel.StepDefinitions.transferAmount(java.lang.String)
  And Clicks on the Pay or Transfer button                                                           # parallel.StepDefinitions.clicksOnThePayOrTransferButton()
Payment was done successfully
  Then Payment is successful                                                                         # parallel.StepDefinitions.paymentIsSuccessful()
  And Everyday account balance reduces by "500"                                                      # parallel.StepDefinitions.everydayAccountBalanceReducesBy(java.lang.String)
  And Bill account balance increases by "500"                                                        # parallel.StepDefinitions.billAccountBalanceIncreasesBy(java.lang.String)
]]></system-out>
    <system-err><![CDATA[Jul 07, 2022 12:33:24 PM org.openqa.selenium.remote.ProtocolHandshake createSession
INFO: Detected dialect: W3C
]]></system-err>
  </testcase>
  <testcase name="runScenario[&quot;Verify that a new payee can be added on the Payees page&quot;, &quot;Optional[Verify Payee options]&quot;](6)" classname="parallel.TestRunner" time="148.909">
    <system-out><![CDATA[The title of the page is : Internet Banking
  Given User launches the demo application website "https://www.demo.bnz.co.nz/client/" on "firefox" # parallel.StepDefinitions.userLaunchesTheDemoWebsite(java.lang.String,java.lang.String)
  And Navigates to the payee page                                                                    # parallel.StepDefinitions.navigatesToThePayeePage()
  When User clicks on the add button                                                                 # parallel.StepDefinitions.userClicksOnTheAddButton()
  And Enters the payee details with name "Dell NZ" and account number "01""0002""0190234""10"        # parallel.StepDefinitions.entersThePayeeDetailsWithNameAndAccountNumber(java.lang.String,java.lang.String,java.lang.String,java.lang.String,java.lang.String)
  And Clicks on the add button                                                                       # parallel.StepDefinitions.clicksOnTheAddButton()
  Then Payee added message "Payee added" gets displayed                                              # parallel.StepDefinitions.payeeAddedMessageGetsDisplayed(java.lang.String)
Payee was added successfully
  And Payee with "Dell NZ" gets added in the list of payees                                          # parallel.StepDefinitions.payeeGetsAddedInTheListOfPayees(java.lang.String)
]]></system-out>
    <system-err><![CDATA[Jul 07, 2022 12:34:00 PM org.openqa.selenium.remote.ProtocolHandshake createSession
INFO: Detected dialect: W3C
]]></system-err>
  </testcase>
  <testcase name="runScenario[&quot;Verify that the payee names can be sorted by name&quot;, &quot;Optional[Verify Payee options]&quot;](7)" classname="parallel.TestRunner" time="171.167">
    <system-out><![CDATA[The title of the page is : Internet Banking
  Given User launches the demo application website "https://www.demo.bnz.co.nz/client/" on "firefox" # parallel.StepDefinitions.userLaunchesTheDemoWebsite(java.lang.String,java.lang.String)
  And Navigates to the payee page                                                                    # parallel.StepDefinitions.navigatesToThePayeePage()
  When User clicks on the add button                                                                 # parallel.StepDefinitions.userClicksOnTheAddButton()
  And Enters the payee details with name "Dell NZ" and account number "01""0002""0190234""10"        # parallel.StepDefinitions.entersThePayeeDetailsWithNameAndAccountNumber(java.lang.String,java.lang.String,java.lang.String,java.lang.String,java.lang.String)
  And Clicks on the add button                                                                       # parallel.StepDefinitions.clicksOnTheAddButton()
  And Payee added message "Payee added" gets displayed                                               # parallel.StepDefinitions.payeeAddedMessageGetsDisplayed(java.lang.String)
  Then List of added payee names are sorted in the ascending order                                   # parallel.StepDefinitions.listOfAddedPayeeNamesAreSortedInTheAscendingOrder()
  When User clicks on the Name column                                                                # parallel.StepDefinitions.userClicksOnTheNameColumn()
  Then List of added payee names get sorted in the descending order                                  # parallel.StepDefinitions.listOfAddedPayeeNamesGetSortedInTheDescendingOrder()
]]></system-out>
    <system-err><![CDATA[Jul 07, 2022 12:34:25 PM org.openqa.selenium.remote.ProtocolHandshake createSession
INFO: Detected dialect: W3C
]]></system-err>
  </testcase>
</testsuite>