<?xml version="1.0" encoding="UTF-8"?>
<testng-results skipped="0" failed="0" ignored="0" total="7" passed="7">
  <reporter-output>
  </reporter-output>
  <suite name="parallelGridTests" duration-ms="175464" started-at="2022-07-07T10:31:51Z" finished-at="2022-07-07T10:34:47Z">
    <groups>
      <group name="cucumber">
        <method signature="AbstractTestNGCucumberTests.runScenario(io.cucumber.testng.PickleWrapper, io.cucumber.testng.FeatureWrapper)[pri:0, instance:parallel.TestRunner@548a9f61]" name="runScenario" class="io.cucumber.testng.AbstractTestNGCucumberTests"/>
      </group> <!-- cucumber -->
    </groups>
    <test name="Bank" duration-ms="175464" started-at="2022-07-07T10:31:51Z" finished-at="2022-07-07T10:34:47Z">
      <class name="parallel.TestRunner">
        <test-method status="PASS" signature="setUpClass()[pri:0, instance:parallel.TestRunner@548a9f61]" name="setUpClass" is-config="true" duration-ms="982" started-at="2022-07-07T10:31:51Z" finished-at="2022-07-07T10:31:52Z">
          <reporter-output>
          </reporter-output>
        </test-method> <!-- setUpClass -->
        <test-method status="PASS" signature="runScenario(io.cucumber.testng.PickleWrapper, io.cucumber.testng.FeatureWrapper)[pri:0, instance:parallel.TestRunner@548a9f61]" name="runScenario" duration-ms="41840" started-at="2022-07-07T10:31:52Z" description="Runs Cucumber Scenarios" data-provider="scenarios" finished-at="2022-07-07T10:32:34Z">
          <params>
            <param index="0">
              <value>
                <![CDATA["Verify that the user can navigate to the Payees page"]]>
              </value>
            </param>
            <param index="1">
              <value>
                <![CDATA["Optional[Verify Payee options]"]]>
              </value>
            </param>
          </params>
          <reporter-output>
          </reporter-output>
        </test-method> <!-- runScenario -->
        <test-method status="PASS" signature="runScenario(io.cucumber.testng.PickleWrapper, io.cucumber.testng.FeatureWrapper)[pri:0, instance:parallel.TestRunner@548a9f61]" name="runScenario" duration-ms="148904" started-at="2022-07-07T10:31:52Z" description="Runs Cucumber Scenarios" data-provider="scenarios" finished-at="2022-07-07T10:34:21Z">
          <params>
            <param index="0">
              <value>
                <![CDATA["Verify that a new payee can be added on the Payees page"]]>
              </value>
            </param>
            <param index="1">
              <value>
                <![CDATA["Optional[Verify Payee options]"]]>
              </value>
            </param>
          </params>
          <reporter-output>
          </reporter-output>
        </test-method> <!-- runScenario -->
        <test-method status="PASS" signature="runScenario(io.cucumber.testng.PickleWrapper, io.cucumber.testng.FeatureWrapper)[pri:0, instance:parallel.TestRunner@548a9f61]" name="runScenario" duration-ms="86922" started-at="2022-07-07T10:31:52Z" description="Runs Cucumber Scenarios" data-provider="scenarios" finished-at="2022-07-07T10:33:19Z">
          <params>
            <param index="0">
              <value>
                <![CDATA["Verify that the payee name is a mandatory field"]]>
              </value>
            </param>
            <param index="1">
              <value>
                <![CDATA["Optional[Verify Payee options]"]]>
              </value>
            </param>
          </params>
          <reporter-output>
          </reporter-output>
        </test-method> <!-- runScenario -->
        <test-method status="PASS" signature="runScenario(io.cucumber.testng.PickleWrapper, io.cucumber.testng.FeatureWrapper)[pri:0, instance:parallel.TestRunner@548a9f61]" name="runScenario" duration-ms="171151" started-at="2022-07-07T10:31:52Z" description="Runs Cucumber Scenarios" data-provider="scenarios" finished-at="2022-07-07T10:34:43Z">
          <params>
            <param index="0">
              <value>
                <![CDATA["Verify that the payee names can be sorted by name"]]>
              </value>
            </param>
            <param index="1">
              <value>
                <![CDATA["Optional[Verify Payee options]"]]>
              </value>
            </param>
          </params>
          <reporter-output>
          </reporter-output>
        </test-method> <!-- runScenario -->
        <test-method status="PASS" signature="runScenario(io.cucumber.testng.PickleWrapper, io.cucumber.testng.FeatureWrapper)[pri:0, instance:parallel.TestRunner@548a9f61]" name="runScenario" duration-ms="60273" started-at="2022-07-07T10:31:52Z" description="Runs Cucumber Scenarios" data-provider="scenarios" finished-at="2022-07-07T10:32:52Z">
          <params>
            <param index="0">
              <value>
                <![CDATA["Navigate and verify the payments page"]]>
              </value>
            </param>
            <param index="1">
              <value>
                <![CDATA["Optional[Verify the payment functionality]"]]>
              </value>
            </param>
          </params>
          <reporter-output>
          </reporter-output>
        </test-method> <!-- runScenario -->
        <test-method status="PASS" signature="runScenario(io.cucumber.testng.PickleWrapper, io.cucumber.testng.FeatureWrapper)[pri:0, instance:parallel.TestRunner@548a9f61]" name="runScenario" duration-ms="75962" started-at="2022-07-07T10:31:52Z" description="Runs Cucumber Scenarios" data-provider="scenarios" finished-at="2022-07-07T10:33:08Z">
          <params>
            <param index="0">
              <value>
                <![CDATA["Navigate and verify the payments page"]]>
              </value>
            </param>
            <param index="1">
              <value>
                <![CDATA["Optional[Verify the payment functionality]"]]>
              </value>
            </param>
          </params>
          <reporter-output>
          </reporter-output>
        </test-method> <!-- runScenario -->
        <test-method status="PASS" signature="runScenario(io.cucumber.testng.PickleWrapper, io.cucumber.testng.FeatureWrapper)[pri:0, instance:parallel.TestRunner@548a9f61]" name="runScenario" duration-ms="123827" started-at="2022-07-07T10:31:52Z" description="Runs Cucumber Scenarios" data-provider="scenarios" finished-at="2022-07-07T10:33:56Z">
          <params>
            <param index="0">
              <value>
                <![CDATA["Navigate and verify the payments page"]]>
              </value>
            </param>
            <param index="1">
              <value>
                <![CDATA["Optional[Verify the payment functionality]"]]>
              </value>
            </param>
          </params>
          <reporter-output>
          </reporter-output>
        </test-method> <!-- runScenario -->
        <test-method status="PASS" signature="tearDownClass()[pri:0, instance:parallel.TestRunner@548a9f61]" name="tearDownClass" is-config="true" duration-ms="3288" started-at="2022-07-07T10:34:43Z" finished-at="2022-07-07T10:34:47Z">
          <reporter-output>
          </reporter-output>
        </test-method> <!-- tearDownClass -->
      </class> <!-- parallel.TestRunner -->
    </test> <!-- Bank -->
  </suite> <!-- parallelGridTests -->
</testng-results>
